<?xml version="1.0" encoding="UTF-8"?>
<!-- Generated by org.testng.reporters.JUnitReportReporter -->
<testsuite hostname="VTEKLAMSHARMA" name="googleMap.AddPlaceTest" tests="3" failures="0" timestamp="31 Aug 2020 13:27:17 GMT" time="46.217" errors="0">
  <testcase name="addPlaceGoogleMap" time="32.953" classname="googleMap.AddPlaceTest"/>
  <testcase name="DeletePlaceGoogleMap" time="7.799" classname="googleMap.AddPlaceTest"/>
  <testcase name="updatePlaceGoogleMap" time="5.465" classname="googleMap.AddPlaceTest"/>
</testsuite> <!-- googleMap.AddPlaceTest -->
